Started by user [8mha:////4NdokpFIi33zllKbFHPqNzv1cO2RhbJEbojKdjKBs2VWAAAAlx+LCAAAAAAAAP9b85aBtbiIQTGjNKU4P08vOT+vOD8nVc83PyU1x6OyILUoJzMv2y+/JJUBAhiZGBgqihhk0NSjKDWzXb3RdlLBUSYGJk8GtpzUvPSSDB8G5tKinBIGIZ+sxLJE/ZzEvHT94JKizLx0a6BxUmjGOUNodHsLgAz2EgZu/dLi1CL9xJTczDwAHhAahcAAAAA=[0mlikhith
Building in workspace /var/lib/jenkins/workspace/Build_App
 > git rev-parse --is-inside-work-tree # timeout=10
Fetching changes from the remote Git repository
 > git config remote.origin.url https://github.com/likhith-3399/Deployment.git # timeout=10
Fetching upstream changes from https://github.com/likhith-3399/Deployment.git
 > git --version # timeout=10
 > git fetch --tags --progress https://github.com/likhith-3399/Deployment.git +refs/heads/*:refs/remotes/origin/*
 > git rev-parse refs/remotes/origin/master^{commit} # timeout=10
 > git rev-parse refs/remotes/origin/origin/master^{commit} # timeout=10
Checking out Revision 24867bb82735988ceae88820eb8862d6d76e0ee0 (refs/remotes/origin/master)
 > git config core.sparsecheckout # timeout=10
 > git checkout -f 24867bb82735988ceae88820eb8862d6d76e0ee0
Commit message: "root user"
 > git rev-list --no-walk 24867bb82735988ceae88820eb8862d6d76e0ee0 # timeout=10
Unpacking https://repo.maven.apache.org/maven2/org/apache/maven/apache-maven/3.3.9/apache-maven-3.3.9-bin.zip to /var/lib/jenkins/tools/hudson.tasks.Maven_MavenInstallation/_usr_bin_mvn on Jenkins
[Build_App] $ /var/lib/jenkins/tools/hudson.tasks.Maven_MavenInstallation/_usr_bin_mvn/bin/mvn mvn clean install:install-file -Dfile=App.jar -DgroupId=com.myTest -DartifactId=IntuitCodingChallenge -Dversion=17.12.01-SNAPSHOT -Dpackaging=jar -DgeneratePom=true
[INFO] Scanning for projects...
[INFO] ------------------------------------------------------------------------
[INFO] BUILD FAILURE
[INFO] ------------------------------------------------------------------------
[INFO] Total time: 0.117 s
[INFO] Finished at: 2017-12-20T17:23:02+00:00
[INFO] Final Memory: 5M/15M
[INFO] ------------------------------------------------------------------------
[8mha:////4IHSA8yoDa7kKqo1oKBm5oeQ9F9hkFJvRxJ4npJVQVRpAAAAYB+LCAAAAAAAAP9b85aBtbiIQSmjNKU4P0+vJLE4u1gvPjexLDVPzxdEuhYV5Rf55ZekOlc7RKnPKH7IxMBQUcQgBdWQnJ9XnJ+TqucMoUEKGSCAEaSwAACsNFCqYAAAAA==[0m[ERROR] The goal you specified requires a project to execute but there is no POM in this directory (/var/lib/jenkins/workspace/Build_App). Please verify you invoked Maven from the correct directory. -> [Help 1]
[8mha:////4IHSA8yoDa7kKqo1oKBm5oeQ9F9hkFJvRxJ4npJVQVRpAAAAYB+LCAAAAAAAAP9b85aBtbiIQSmjNKU4P0+vJLE4u1gvPjexLDVPzxdEuhYV5Rf55ZekOlc7RKnPKH7IxMBQUcQgBdWQnJ9XnJ+TqucMoUEKGSCAEaSwAACsNFCqYAAAAA==[0m[ERROR] 
[8mha:////4IHSA8yoDa7kKqo1oKBm5oeQ9F9hkFJvRxJ4npJVQVRpAAAAYB+LCAAAAAAAAP9b85aBtbiIQSmjNKU4P0+vJLE4u1gvPjexLDVPzxdEuhYV5Rf55ZekOlc7RKnPKH7IxMBQUcQgBdWQnJ9XnJ+TqucMoUEKGSCAEaSwAACsNFCqYAAAAA==[0m[ERROR] To see the full stack trace of the errors, re-run Maven with the -e switch.
[8mha:////4IHSA8yoDa7kKqo1oKBm5oeQ9F9hkFJvRxJ4npJVQVRpAAAAYB+LCAAAAAAAAP9b85aBtbiIQSmjNKU4P0+vJLE4u1gvPjexLDVPzxdEuhYV5Rf55ZekOlc7RKnPKH7IxMBQUcQgBdWQnJ9XnJ+TqucMoUEKGSCAEaSwAACsNFCqYAAAAA==[0m[ERROR] Re-run Maven using the -X switch to enable full debug logging.
[8mha:////4IHSA8yoDa7kKqo1oKBm5oeQ9F9hkFJvRxJ4npJVQVRpAAAAYB+LCAAAAAAAAP9b85aBtbiIQSmjNKU4P0+vJLE4u1gvPjexLDVPzxdEuhYV5Rf55ZekOlc7RKnPKH7IxMBQUcQgBdWQnJ9XnJ+TqucMoUEKGSCAEaSwAACsNFCqYAAAAA==[0m[ERROR] 
[8mha:////4IHSA8yoDa7kKqo1oKBm5oeQ9F9hkFJvRxJ4npJVQVRpAAAAYB+LCAAAAAAAAP9b85aBtbiIQSmjNKU4P0+vJLE4u1gvPjexLDVPzxdEuhYV5Rf55ZekOlc7RKnPKH7IxMBQUcQgBdWQnJ9XnJ+TqucMoUEKGSCAEaSwAACsNFCqYAAAAA==[0m[ERROR] For more information about the errors and possible solutions, please read the following articles:
[8mha:////4IHSA8yoDa7kKqo1oKBm5oeQ9F9hkFJvRxJ4npJVQVRpAAAAYB+LCAAAAAAAAP9b85aBtbiIQSmjNKU4P0+vJLE4u1gvPjexLDVPzxdEuhYV5Rf55ZekOlc7RKnPKH7IxMBQUcQgBdWQnJ9XnJ+TqucMoUEKGSCAEaSwAACsNFCqYAAAAA==[0m[ERROR] [Help 1] http://cwiki.apache.org/confluence/display/MAVEN/MissingProjectException
Build step 'Invoke top-level Maven targets' marked build as failure
Finished: FAILURE
